<?xml version="1.0" encoding="UTF-8"?>
<testsuite name="TestNGTest-d762c470-6e4e-44e0-8682-e0910e69fd3a"
           tests="7"
           failures="0"
           errors="0"
           skipped="0"
           time="0.233">
    <properties></properties>



            <testcase
                name="testFindAll"
                time="0.007"
                classname="com.skillstorm.inventory_management.controllers.ProductControllerTest">
            </testcase>
            <testcase
                name="testFindByIdSunnyDay"
                time="0.018"
                classname="com.skillstorm.inventory_management.controllers.ProductControllerTest">
            </testcase>
            <testcase
                name="testSaveSunnyDay"
                time="0.001"
                classname="com.skillstorm.inventory_management.controllers.ProductControllerTest">
            </testcase>
            <testcase
                name="testDeleteById"
                time="0.175"
                classname="com.skillstorm.inventory_management.controllers.ProductControllerTest">
            </testcase>
            <testcase
                name="testUpdate"
                time="0.002"
                classname="com.skillstorm.inventory_management.controllers.ProductControllerTest">
            </testcase>
            <testcase
                name="testFindByIdRainyDay"
                time="0.028"
                classname="com.skillstorm.inventory_management.controllers.ProductControllerTest">
            </testcase>
            <testcase
                name="testSaveRainyDay"
                time="0.002"
                classname="com.skillstorm.inventory_management.controllers.ProductControllerTest">
            </testcase>
</testsuite>
